# JRE version: OpenJDK Runtime Environment (11.0.8+10) (build 11.0.8+10-b944.6842174)
# Java VM: OpenJDK 64-Bit Server VM (11.0.8+10-b944.6842174, mixed mode, tiered, compressed oops, g1 gc, windows-amd64)
Heap:
 garbage-first heap   total 270336K, used 207305K [0x0000000080000000, 0x0000000100000000)
  region size 1024K, 24 young (24576K), 7 survivors (7168K)
 Metaspace       used 115507K, capacity 118420K, committed 118732K, reserved 1153024K
  class space    used 13988K, capacity 15012K, committed 15128K, reserved 1048576K
GC Heap History (20 events):
Event: 158.907 GC heap before
{Heap before GC invocations=86 (full 0):
 garbage-first heap   total 187392K, used 163876K [0x0000000080000000, 0x0000000100000000)
  region size 1024K, 31 young (31744K), 3 survivors (3072K)
 Metaspace       used 109460K, capacity 112318K, committed 112588K, reserved 1146880K
  class space    used 13491K, capacity 14516K, committed 14616K, reserved 1048576K
}
Event: 158.912 GC heap after
{Heap after GC invocations=87 (full 0):
 garbage-first heap   total 187392K, used 136163K [0x0000000080000000, 0x0000000100000000)
  region size 1024K, 3 young (3072K), 3 survivors (3072K)
 Metaspace       used 109460K, capacity 112318K, committed 112588K, reserved 1146880K
  class space    used 13491K, capacity 14516K, committed 14616K, reserved 1048576K
}
Event: 159.325 GC heap before
{Heap before GC invocations=87 (full 0):
 garbage-first heap   total 187392K, used 163811K [0x0000000080000000, 0x0000000100000000)
  region size 1024K, 30 young (30720K), 3 survivors (3072K)
 Metaspace       used 109471K, capacity 112324K, committed 112588K, reserved 1146880K
  class space    used 13493K, capacity 14518K, committed 14616K, reserved 1048576K
}
Event: 159.333 GC heap after
{Heap after GC invocations=88 (full 0):
 garbage-first heap   total 187392K, used 137376K [0x0000000080000000, 0x0000000100000000)
  region size 1024K, 3 young (3072K), 3 survivors (3072K)
 Metaspace       used 109471K, capacity 112324K, committed 112588K, reserved 1146880K
  class space    used 13493K, capacity 14518K, committed 14616K, reserved 1048576K
}
Event: 160.430 GC heap before
{Heap before GC invocations=88 (full 0):
 garbage-first heap   total 187392K, used 162976K [0x0000000080000000, 0x0000000100000000)
  region size 1024K, 29 young (29696K), 3 survivors (3072K)
 Metaspace       used 109471K, capacity 112324K, committed 112588K, reserved 1146880K
  class space    used 13493K, capacity 14518K, committed 14616K, reserved 1048576K
}
Event: 160.448 GC heap after
{Heap after GC invocations=89 (full 0):
 garbage-first heap   total 225280K, used 137168K [0x0000000080000000, 0x0000000100000000)
  region size 1024K, 2 young (2048K), 2 survivors (2048K)
 Metaspace       used 109471K, capacity 112324K, committed 112588K, reserved 1146880K
  class space    used 13493K, capacity 14518K, committed 14616K, reserved 1048576K
}
Event: 167.064 GC heap before
{Heap before GC invocations=89 (full 0):
 garbage-first heap   total 225280K, used 180176K [0x0000000080000000, 0x0000000100000000)
  region size 1024K, 45 young (46080K), 2 survivors (2048K)
 Metaspace       used 109831K, capacity 112626K, committed 112844K, reserved 1146880K
  class space    used 13526K, capacity 14525K, committed 14616K, reserved 1048576K
}
Event: 167.083 GC heap after
{Heap after GC invocations=90 (full 0):
 garbage-first heap   total 225280K, used 139332K [0x0000000080000000, 0x0000000100000000)
  region size 1024K, 5 young (5120K), 5 survivors (5120K)
 Metaspace       used 109831K, capacity 112626K, committed 112844K, reserved 1146880K
  class space    used 13526K, capacity 14525K, committed 14616K, reserved 1048576K
}
Event: 172.083 GC heap before
{Heap before GC invocations=90 (full 0):
 garbage-first heap   total 225280K, used 181316K [0x0000000080000000, 0x0000000100000000)
  region size 1024K, 47 young (48128K), 5 survivors (5120K)
 Metaspace       used 111026K, capacity 113841K, committed 113996K, reserved 1148928K
  class space    used 13631K, capacity 14635K, committed 14744K, reserved 1048576K
}
Event: 172.112 GC heap after
{Heap after GC invocations=91 (full 0):
 garbage-first heap   total 225280K, used 140631K [0x0000000080000000, 0x0000000100000000)
  region size 1024K, 4 young (4096K), 4 survivors (4096K)
 Metaspace       used 111026K, capacity 113841K, committed 113996K, reserved 1148928K
  class space    used 13631K, capacity 14635K, committed 14744K, reserved 1048576K
}
Event: 178.009 GC heap before
{Heap before GC invocations=91 (full 0):
 garbage-first heap   total 225280K, used 185687K [0x0000000080000000, 0x0000000100000000)
  region size 1024K, 48 young (49152K), 4 survivors (4096K)
 Metaspace       used 111217K, capacity 113972K, committed 114252K, reserved 1148928K
  class space    used 13631K, capacity 14635K, committed 14744K, reserved 1048576K
}
Event: 178.065 GC heap after
{Heap after GC invocations=92 (full 0):
 garbage-first heap   total 225280K, used 143433K [0x0000000080000000, 0x0000000100000000)
  region size 1024K, 5 young (5120K), 5 survivors (5120K)
 Metaspace       used 111217K, capacity 113972K, committed 114252K, reserved 1148928K
  class space    used 13631K, capacity 14635K, committed 14744K, reserved 1048576K
}
Event: 206.369 GC heap before
{Heap before GC invocations=92 (full 0):
 garbage-first heap   total 225280K, used 186441K [0x0000000080000000, 0x0000000100000000)
  region size 1024K, 48 young (49152K), 5 survivors (5120K)
 Metaspace       used 111311K, capacity 114100K, committed 114252K, reserved 1148928K
  class space    used 13631K, capacity 14635K, committed 14744K, reserved 1048576K
}
Event: 206.652 GC heap after
{Heap after GC invocations=93 (full 0):
 garbage-first heap   total 270336K, used 149692K [0x0000000080000000, 0x0000000100000000)
  region size 1024K, 6 young (6144K), 6 survivors (6144K)
 Metaspace       used 111311K, capacity 114100K, committed 114252K, reserved 1148928K
  class space    used 13631K, capacity 14635K, committed 14744K, reserved 1048576K
}
Event: 260.283 GC heap before
{Heap before GC invocations=93 (full 0):
 garbage-first heap   total 270336K, used 212156K [0x0000000080000000, 0x0000000100000000)
  region size 1024K, 65 young (66560K), 6 survivors (6144K)
 Metaspace       used 111800K, capacity 114621K, committed 114764K, reserved 1148928K
  class space    used 13674K, capacity 14696K, committed 14744K, reserved 1048576K
}
Event: 260.515 GC heap after
{Heap after GC invocations=94 (full 0):
 garbage-first heap   total 270336K, used 162500K [0x0000000080000000, 0x0000000100000000)
  region size 1024K, 9 young (9216K), 9 survivors (9216K)
 Metaspace       used 111800K, capacity 114621K, committed 114764K, reserved 1148928K
  class space    used 13674K, capacity 14696K, committed 14744K, reserved 1048576K
}
Event: 285.388 GC heap before
{Heap before GC invocations=94 (full 0):
 garbage-first heap   total 270336K, used 223940K [0x0000000080000000, 0x0000000100000000)
  region size 1024K, 61 young (62464K), 9 survivors (9216K)
 Metaspace       used 114866K, capacity 117754K, committed 117836K, reserved 1153024K
  class space    used 13955K, capacity 14968K, committed 15000K, reserved 1048576K
}
Event: 285.470 GC heap after
{Heap after GC invocations=95 (full 0):
 garbage-first heap   total 270336K, used 170319K [0x0000000080000000, 0x0000000100000000)
  region size 1024K, 7 young (7168K), 7 survivors (7168K)
 Metaspace       used 114866K, capacity 117754K, committed 117836K, reserved 1153024K
  class space    used 13955K, capacity 14968K, committed 15000K, reserved 1048576K
}
Event: 294.697 GC heap before
{Heap before GC invocations=95 (full 0):
 garbage-first heap   total 270336K, used 215375K [0x0000000080000000, 0x0000000100000000)
  region size 1024K, 52 young (53248K), 7 survivors (7168K)
 Metaspace       used 115014K, capacity 117924K, committed 118220K, reserved 1153024K
  class space    used 13959K, capacity 15003K, committed 15128K, reserved 1048576K
}
Event: 294.777 GC heap after
{Heap after GC invocations=96 (full 0):
 garbage-first heap   total 270336K, used 175561K [0x0000000080000000, 0x0000000100000000)
  region size 1024K, 7 young (7168K), 7 survivors (7168K)
 Metaspace       used 115014K, capacity 117924K, committed 118220K, reserved 1153024K
  class space    used 13959K, capacity 15003K, committed 15128K, reserved 1048576K
}

